<?xml version="1.0" encoding="UTF-8"?>
<!-- Generated by org.testng.reporters.JUnitReportReporter -->
<testsuite skipped="0" hostname="MNIDSK0016" name="com.example.restTesto.Test4_PostReq" tests="1" failures="0" timestamp="04 Sep 2018 09:44:22 GMT" time="1.696" errors="0">
  <testcase name="testBodyParamertersInResponse" time="1.696" classname="com.example.restTesto.Test4_PostReq"/>
</testsuite> <!-- com.example.restTesto.Test4_PostReq -->
